This file contains any messages produced by compilers while
running configure, to aid debugging if configure makes a mistake.

It was created by GNU nano configure 2.2.6, which was
generated by GNU Autoconf 2.69.  Invocation command line was

  $ ./configure --no-create --no-recursion

## --------- ##
## Platform. ##
## --------- ##

hostname = CZC32353JV
uname -m = x86_64
uname -r = 3.11.10-100.fc18.x86_64
uname -s = Linux
uname -v = #1 SMP Mon Dec 2 20:28:38 UTC 2013

/usr/bin/uname -p = x86_64
/bin/uname -X     = unknown

/bin/arch              = x86_64
/usr/bin/arch -k       = unknown
/usr/convex/getsysinfo = unknown
/usr/bin/hostinfo      = unknown
/bin/machine           = unknown
/usr/bin/oslevel       = unknown
/bin/universe          = unknown

PATH: /usr/lib64/qt-3.3/bin
PATH: /usr/lib64/ccache
PATH: /usr/local/bin
PATH: /usr/bin
PATH: /bin
PATH: /usr/local/sbin
PATH: /usr/sbin
PATH: /usr/lib64/alliance/bin
PATH: /usr/libexec/sdcc


## ----------- ##
## Core tests. ##
## ----------- ##

configure:2273: checking build system type
configure:2287: result: x86_64-unknown-linux-gnu
configure:2307: checking host system type
configure:2320: result: x86_64-unknown-linux-gnu
configure:2340: checking target system type
configure:2353: result: x86_64-unknown-linux-gnu
configure:2395: checking for a BSD-compatible install
configure:2463: result: /usr/bin/install -c
configure:2474: checking whether build environment is sane
configure:2524: result: yes
configure:2665: checking for a thread-safe mkdir -p
configure:2704: result: /usr/bin/mkdir -p
configure:2717: checking for gawk
configure:2733: found /usr/bin/gawk
configure:2744: result: gawk
configure:2755: checking whether make sets $(MAKE)
configure:2777: result: yes
configure:2875: checking for style of include used by make
configure:2903: result: GNU
configure:2973: checking for gcc
configure:2989: found /usr/lib64/ccache/gcc
configure:3000: result: gcc
configure:3229: checking for C compiler version
configure:3238: gcc --version >&5
gcc (GCC) 4.7.2 20121109 (Red Hat 4.7.2-8)
Copyright (C) 2012 Free Software Foundation, Inc.
This is free software; see the source for copying conditions.  There is NO
warranty; not even for MERCHANTABILITY or FITNESS FOR A PARTICULAR PURPOSE.

configure:3249: $? = 0
configure:3238: gcc -v >&5
Using built-in specs.
COLLECT_GCC=/usr/bin/gcc
COLLECT_LTO_WRAPPER=/usr/libexec/gcc/x86_64-redhat-linux/4.7.2/lto-wrapper
Target: x86_64-redhat-linux
Configured with: ../configure --prefix=/usr --mandir=/usr/share/man --infodir=/usr/share/info --with-bugurl=http://bugzilla.redhat.com/bugzilla --enable-bootstrap --enable-shared --enable-threads=posix --enable-checking=release --disable-build-with-cxx --disable-build-poststage1-with-cxx --with-system-zlib --enable-__cxa_atexit --disable-libunwind-exceptions --enable-gnu-unique-object --enable-linker-build-id --with-linker-hash-style=gnu --enable-languages=c,c++,objc,obj-c++,java,fortran,ada,go,lto --enable-plugin --enable-initfini-array --enable-java-awt=gtk --disable-dssi --with-java-home=/usr/lib/jvm/java-1.5.0-gcj-1.5.0.0/jre --enable-libgcj-multifile --enable-java-maintainer-mode --with-ecj-jar=/usr/share/java/eclipse-ecj.jar --disable-libjava-multilib --with-ppl --with-cloog --with-tune=generic --with-arch_32=i686 --build=x86_64-redhat-linux
Thread model: posix
gcc version 4.7.2 20121109 (Red Hat 4.7.2-8) (GCC) 
configure:3249: $? = 0
configure:3238: gcc -V >&5
gcc: error: unrecognized command line option '-V'
gcc: fatal error: no input files
compilation terminated.
configure:3249: $? = 4
configure:3238: gcc -qversion >&5
gcc: error: unrecognized command line option '-qversion'
gcc: fatal error: no input files
compilation terminated.
configure:3249: $? = 4
configure:3269: checking whether the C compiler works
configure:3291: gcc    conftest.c  >&5
configure:3295: $? = 0
configure:3343: result: yes
configure:3346: checking for C compiler default output file name
configure:3348: result: a.out
configure:3354: checking for suffix of executables
configure:3361: gcc -o conftest    conftest.c  >&5
configure:3365: $? = 0
configure:3387: result: 
configure:3409: checking whether we are cross compiling
configure:3417: gcc -o conftest    conftest.c  >&5
configure:3421: $? = 0
configure:3428: ./conftest
configure:3432: $? = 0
configure:3447: result: no
configure:3452: checking for suffix of object files
configure:3474: gcc -c   conftest.c >&5
configure:3478: $? = 0
configure:3499: result: o
configure:3503: checking whether we are using the GNU C compiler
configure:3522: gcc -c   conftest.c >&5
configure:3522: $? = 0
configure:3531: result: yes
configure:3540: checking whether gcc accepts -g
configure:3560: gcc -c -g  conftest.c >&5
configure:3560: $? = 0
configure:3601: result: yes
configure:3618: checking for gcc option to accept ISO C89
configure:3681: gcc  -c -g -O2  conftest.c >&5
configure:3681: $? = 0
configure:3694: result: none needed
configure:3716: checking dependency style of gcc
configure:3826: result: gcc3
configure:3847: checking how to run the C preprocessor
configure:3878: gcc -E  conftest.c
configure:3878: $? = 0
configure:3892: gcc -E  conftest.c
conftest.c:11:28: fatal error: ac_nonexistent.h: No such file or directory
compilation terminated.
configure:3892: $? = 1
configure: failed program was:
| /* confdefs.h */
| #define PACKAGE_NAME "GNU nano"
| #define PACKAGE_TARNAME "nano"
| #define PACKAGE_VERSION "2.2.6"
| #define PACKAGE_STRING "GNU nano 2.2.6"
| #define PACKAGE_BUGREPORT "nano-devel@gnu.org"
| #define PACKAGE_URL "http://www.gnu.org/software/nano/"
| #define PACKAGE "nano"
| #define VERSION "2.2.6"
| /* end confdefs.h.  */
| #include <ac_nonexistent.h>
configure:3917: result: gcc -E
configure:3937: gcc -E  conftest.c
configure:3937: $? = 0
configure:3951: gcc -E  conftest.c
conftest.c:11:28: fatal error: ac_nonexistent.h: No such file or directory
compilation terminated.
configure:3951: $? = 1
configure: failed program was:
| /* confdefs.h */
| #define PACKAGE_NAME "GNU nano"
| #define PACKAGE_TARNAME "nano"
| #define PACKAGE_VERSION "2.2.6"
| #define PACKAGE_STRING "GNU nano 2.2.6"
| #define PACKAGE_BUGREPORT "nano-devel@gnu.org"
| #define PACKAGE_URL "http://www.gnu.org/software/nano/"
| #define PACKAGE "nano"
| #define VERSION "2.2.6"
| /* end confdefs.h.  */
| #include <ac_nonexistent.h>
configure:3980: checking for grep that handles long lines and -e
configure:4038: result: /usr/bin/grep
configure:4043: checking for egrep
configure:4105: result: /usr/bin/grep -E
configure:4110: checking for ANSI C header files
configure:4130: gcc -c -g -O2  conftest.c >&5
configure:4130: $? = 0
configure:4203: gcc -o conftest -g -O2   conftest.c  >&5
configure:4203: $? = 0
configure:4203: ./conftest
configure:4203: $? = 0
configure:4214: result: yes
configure:4227: checking for sys/types.h
configure:4227: gcc -c -g -O2  conftest.c >&5
configure:4227: $? = 0
configure:4227: result: yes
configure:4227: checking for sys/stat.h
configure:4227: gcc -c -g -O2  conftest.c >&5
configure:4227: $? = 0
configure:4227: result: yes
configure:4227: checking for stdlib.h
configure:4227: gcc -c -g -O2  conftest.c >&5
configure:4227: $? = 0
configure:4227: result: yes
configure:4227: checking for string.h
configure:4227: gcc -c -g -O2  conftest.c >&5
configure:4227: $? = 0
configure:4227: result: yes
configure:4227: checking for memory.h
configure:4227: gcc -c -g -O2  conftest.c >&5
configure:4227: $? = 0
configure:4227: result: yes
configure:4227: checking for strings.h
configure:4227: gcc -c -g -O2  conftest.c >&5
configure:4227: $? = 0
configure:4227: result: yes
configure:4227: checking for inttypes.h
configure:4227: gcc -c -g -O2  conftest.c >&5
configure:4227: $? = 0
configure:4227: result: yes
configure:4227: checking for stdint.h
configure:4227: gcc -c -g -O2  conftest.c >&5
configure:4227: $? = 0
configure:4227: result: yes
configure:4227: checking for unistd.h
configure:4227: gcc -c -g -O2  conftest.c >&5
configure:4227: $? = 0
configure:4227: result: yes
configure:4240: checking minix/config.h usability
configure:4240: gcc -c -g -O2  conftest.c >&5
conftest.c:54:26: fatal error: minix/config.h: No such file or directory
compilation terminated.
configure:4240: $? = 1
configure: failed program was:
| /* confdefs.h */
| #define PACKAGE_NAME "GNU nano"
| #define PACKAGE_TARNAME "nano"
| #define PACKAGE_VERSION "2.2.6"
| #define PACKAGE_STRING "GNU nano 2.2.6"
| #define PACKAGE_BUGREPORT "nano-devel@gnu.org"
| #define PACKAGE_URL "http://www.gnu.org/software/nano/"
| #define PACKAGE "nano"
| #define VERSION "2.2.6"
| #define STDC_HEADERS 1
| #define HAVE_SYS_TYPES_H 1
| #define HAVE_SYS_STAT_H 1
| #define HAVE_STDLIB_H 1
| #define HAVE_STRING_H 1
| #define HAVE_MEMORY_H 1
| #define HAVE_STRINGS_H 1
| #define HAVE_INTTYPES_H 1
| #define HAVE_STDINT_H 1
| #define HAVE_UNISTD_H 1
| /* end confdefs.h.  */
| #include <stdio.h>
| #ifdef HAVE_SYS_TYPES_H
| # include <sys/types.h>
| #endif
| #ifdef HAVE_SYS_STAT_H
| # include <sys/stat.h>
| #endif
| #ifdef STDC_HEADERS
| # include <stdlib.h>
| # include <stddef.h>
| #else
| # ifdef HAVE_STDLIB_H
| #  include <stdlib.h>
| # endif
| #endif
| #ifdef HAVE_STRING_H
| # if !defined STDC_HEADERS && defined HAVE_MEMORY_H
| #  include <memory.h>
| # endif
| # include <string.h>
| #endif
| #ifdef HAVE_STRINGS_H
| # include <strings.h>
| #endif
| #ifdef HAVE_INTTYPES_H
| # include <inttypes.h>
| #endif
| #ifdef HAVE_STDINT_H
| # include <stdint.h>
| #endif
| #ifdef HAVE_UNISTD_H
| # include <unistd.h>
| #endif
| #include <minix/config.h>
configure:4240: result: no
configure:4240: checking minix/config.h presence
configure:4240: gcc -E  conftest.c
conftest.c:21:26: fatal error: minix/config.h: No such file or directory
compilation terminated.
configure:4240: $? = 1
configure: failed program was:
| /* confdefs.h */
| #define PACKAGE_NAME "GNU nano"
| #define PACKAGE_TARNAME "nano"
| #define PACKAGE_VERSION "2.2.6"
| #define PACKAGE_STRING "GNU nano 2.2.6"
| #define PACKAGE_BUGREPORT "nano-devel@gnu.org"
| #define PACKAGE_URL "http://www.gnu.org/software/nano/"
| #define PACKAGE "nano"
| #define VERSION "2.2.6"
| #define STDC_HEADERS 1
| #define HAVE_SYS_TYPES_H 1
| #define HAVE_SYS_STAT_H 1
| #define HAVE_STDLIB_H 1
| #define HAVE_STRING_H 1
| #define HAVE_MEMORY_H 1
| #define HAVE_STRINGS_H 1
| #define HAVE_INTTYPES_H 1
| #define HAVE_STDINT_H 1
| #define HAVE_UNISTD_H 1
| /* end confdefs.h.  */
| #include <minix/config.h>
configure:4240: result: no
configure:4240: checking for minix/config.h
configure:4240: result: no
configure:4261: checking whether it is safe to define __EXTENSIONS__
configure:4279: gcc -c -g -O2  conftest.c >&5
configure:4279: $? = 0
configure:4286: result: yes
configure:4349: checking for gcc
configure:4376: result: gcc
configure:4605: checking for C compiler version
configure:4614: gcc --version >&5
gcc (GCC) 4.7.2 20121109 (Red Hat 4.7.2-8)
Copyright (C) 2012 Free Software Foundation, Inc.
This is free software; see the source for copying conditions.  There is NO
warranty; not even for MERCHANTABILITY or FITNESS FOR A PARTICULAR PURPOSE.

configure:4625: $? = 0
configure:4614: gcc -v >&5
Using built-in specs.
COLLECT_GCC=/usr/bin/gcc
COLLECT_LTO_WRAPPER=/usr/libexec/gcc/x86_64-redhat-linux/4.7.2/lto-wrapper
Target: x86_64-redhat-linux
Configured with: ../configure --prefix=/usr --mandir=/usr/share/man --infodir=/usr/share/info --with-bugurl=http://bugzilla.redhat.com/bugzilla --enable-bootstrap --enable-shared --enable-threads=posix --enable-checking=release --disable-build-with-cxx --disable-build-poststage1-with-cxx --with-system-zlib --enable-__cxa_atexit --disable-libunwind-exceptions --enable-gnu-unique-object --enable-linker-build-id --with-linker-hash-style=gnu --enable-languages=c,c++,objc,obj-c++,java,fortran,ada,go,lto --enable-plugin --enable-initfini-array --enable-java-awt=gtk --disable-dssi --with-java-home=/usr/lib/jvm/java-1.5.0-gcj-1.5.0.0/jre --enable-libgcj-multifile --enable-java-maintainer-mode --with-ecj-jar=/usr/share/java/eclipse-ecj.jar --disable-libjava-multilib --with-ppl --with-cloog --with-tune=generic --with-arch_32=i686 --build=x86_64-redhat-linux
Thread model: posix
gcc version 4.7.2 20121109 (Red Hat 4.7.2-8) (GCC) 
configure:4625: $? = 0
configure:4614: gcc -V >&5
gcc: error: unrecognized command line option '-V'
gcc: fatal error: no input files
compilation terminated.
configure:4625: $? = 4
configure:4614: gcc -qversion >&5
gcc: error: unrecognized command line option '-qversion'
gcc: fatal error: no input files
compilation terminated.
configure:4625: $? = 4
configure:4629: checking whether we are using the GNU C compiler
configure:4657: result: yes
configure:4666: checking whether gcc accepts -g
configure:4727: result: yes
configure:4744: checking for gcc option to accept ISO C89
configure:4820: result: none needed
configure:4842: checking dependency style of gcc
configure:4952: result: gcc3
configure:4967: checking whether ln -s works
configure:4971: result: yes
configure:4979: checking for strerror in -lcposix
configure:5004: gcc -o conftest -g -O2   conftest.c -lcposix   >&5
/usr/bin/ld: cannot find -lcposix
collect2: error: ld returned 1 exit status
configure:5004: $? = 1
configure: failed program was:
| /* confdefs.h */
| #define PACKAGE_NAME "GNU nano"
| #define PACKAGE_TARNAME "nano"
| #define PACKAGE_VERSION "2.2.6"
| #define PACKAGE_STRING "GNU nano 2.2.6"
| #define PACKAGE_BUGREPORT "nano-devel@gnu.org"
| #define PACKAGE_URL "http://www.gnu.org/software/nano/"
| #define PACKAGE "nano"
| #define VERSION "2.2.6"
| #define STDC_HEADERS 1
| #define HAVE_SYS_TYPES_H 1
| #define HAVE_SYS_STAT_H 1
| #define HAVE_STDLIB_H 1
| #define HAVE_STRING_H 1
| #define HAVE_MEMORY_H 1
| #define HAVE_STRINGS_H 1
| #define HAVE_INTTYPES_H 1
| #define HAVE_STDINT_H 1
| #define HAVE_UNISTD_H 1
| #define __EXTENSIONS__ 1
| #define _ALL_SOURCE 1
| #define _GNU_SOURCE 1
| #define _POSIX_PTHREAD_SEMANTICS 1
| #define _TANDEM_SOURCE 1
| /* end confdefs.h.  */
| 
| /* Override any GCC internal prototype to avoid an error.
|    Use char because int might match the return type of a GCC
|    builtin and then its argument prototype would still apply.  */
| #ifdef __cplusplus
| extern "C"
| #endif
| char strerror ();
| int
| main ()
| {
| return strerror ();
|   ;
|   return 0;
| }
configure:5013: result: no
configure:5028: checking for special C compiler options needed for large files
configure:5073: result: no
configure:5079: checking for _FILE_OFFSET_BITS value needed for large files
configure:5104: gcc -c -g -O2  conftest.c >&5
configure:5104: $? = 0
configure:5136: result: no
configure:5239: checking for msgfmt
configure:5267: result: /usr/bin/msgfmt
configure:5276: checking for gmsgfmt
configure:5307: result: /usr/bin/msgfmt
configure:5318: checking for xgettext
configure:5346: result: /usr/bin/xgettext
configure:5357: checking for msgmerge
configure:5384: result: /usr/bin/msgmerge
configure:5446: checking for ld used by GCC
configure:5509: result: /usr/bin/ld
configure:5516: checking if the linker (/usr/bin/ld) is GNU ld
GNU ld version 2.23.51.0.1-10.fc18 20120806
configure:5528: result: yes
configure:5534: checking for shared library run path origin
configure:5547: result: done
configure:5964: checking whether NLS is requested
configure:5973: result: yes
configure:5990: checking for GNU gettext in libc
configure:6009: gcc -o conftest -g -O2   conftest.c  >&5
conftest.c: In function 'main':
conftest.c:33:8: warning: cast from pointer to integer of different size [-Wpointer-to-int-cast]
conftest.c:33:29: warning: cast from pointer to integer of different size [-Wpointer-to-int-cast]
configure:6009: $? = 0
configure:6017: result: yes
configure:6679: checking for ANSI C header files
configure:6783: result: yes
configure:6794: checking getopt.h usability
configure:6794: gcc -c -g -O2  conftest.c >&5
configure:6794: $? = 0
configure:6794: result: yes
configure:6794: checking getopt.h presence
configure:6794: gcc -E  conftest.c
configure:6794: $? = 0
configure:6794: result: yes
configure:6794: checking for getopt.h
configure:6794: result: yes
configure:6794: checking libintl.h usability
configure:6794: gcc -c -g -O2  conftest.c >&5
configure:6794: $? = 0
configure:6794: result: yes
configure:6794: checking libintl.h presence
configure:6794: gcc -E  conftest.c
configure:6794: $? = 0
configure:6794: result: yes
configure:6794: checking for libintl.h
configure:6794: result: yes
configure:6794: checking limits.h usability
configure:6794: gcc -c -g -O2  conftest.c >&5
configure:6794: $? = 0
configure:6794: result: yes
configure:6794: checking limits.h presence
configure:6794: gcc -E  conftest.c
configure:6794: $? = 0
configure:6794: result: yes
configure:6794: checking for limits.h
configure:6794: result: yes
configure:6794: checking regex.h usability
configure:6794: gcc -c -g -O2  conftest.c >&5
configure:6794: $? = 0
configure:6794: result: yes
configure:6794: checking regex.h presence
configure:6794: gcc -E  conftest.c
configure:6794: $? = 0
configure:6794: result: yes
configure:6794: checking for regex.h
configure:6794: result: yes
configure:6794: checking sys/param.h usability
configure:6794: gcc -c -g -O2  conftest.c >&5
configure:6794: $? = 0
configure:6794: result: yes
configure:6794: checking sys/param.h presence
configure:6794: gcc -E  conftest.c
configure:6794: $? = 0
configure:6794: result: yes
configure:6794: checking for sys/param.h
configure:6794: result: yes
configure:6794: checking wchar.h usability
configure:6794: gcc -c -g -O2  conftest.c >&5
configure:6794: $? = 0
configure:6794: result: yes
configure:6794: checking wchar.h presence
configure:6794: gcc -E  conftest.c
configure:6794: $? = 0
configure:6794: result: yes
configure:6794: checking for wchar.h
configure:6794: result: yes
configure:6794: checking wctype.h usability
configure:6794: gcc -c -g -O2  conftest.c >&5
configure:6794: $? = 0
configure:6794: result: yes
configure:6794: checking wctype.h presence
configure:6794: gcc -E  conftest.c
configure:6794: $? = 0
configure:6794: result: yes
configure:6794: checking for wctype.h
configure:6794: result: yes
configure:6794: checking stdarg.h usability
configure:6794: gcc -c -g -O2  conftest.c >&5
configure:6794: $? = 0
configure:6794: result: yes
configure:6794: checking stdarg.h presence
configure:6794: gcc -E  conftest.c
configure:6794: $? = 0
configure:6794: result: yes
configure:6794: checking for stdarg.h
configure:6794: result: yes
configure:7042: checking whether to enable UTF-8 support
configure:7055: result: auto
configure:7058: checking whether to use slang
configure:7449: result: no
configure:7517: checking for getdelim
configure:7517: gcc -o conftest -g -O2   conftest.c  >&5
configure:7517: $? = 0
configure:7517: result: yes
configure:7517: checking for getline
configure:7517: gcc -o conftest -g -O2   conftest.c  >&5
configure:7517: $? = 0
configure:7517: result: yes
configure:7517: checking for isblank
configure:7517: gcc -o conftest -g -O2   conftest.c  >&5
conftest.c:70:6: warning: conflicting types for built-in function 'isblank' [enabled by default]
configure:7517: $? = 0
configure:7517: result: yes
configure:7517: checking for strcasecmp
configure:7517: gcc -o conftest -g -O2   conftest.c  >&5
conftest.c:71:6: warning: conflicting types for built-in function 'strcasecmp' [enabled by default]
configure:7517: $? = 0
configure:7517: result: yes
configure:7517: checking for strcasestr
configure:7517: gcc -o conftest -g -O2   conftest.c  >&5
configure:7517: $? = 0
configure:7517: result: yes
configure:7517: checking for strncasecmp
configure:7517: gcc -o conftest -g -O2   conftest.c  >&5
conftest.c:73:6: warning: conflicting types for built-in function 'strncasecmp' [enabled by default]
configure:7517: $? = 0
configure:7517: result: yes
configure:7517: checking for strnlen
configure:7517: gcc -o conftest -g -O2   conftest.c  >&5
configure:7517: $? = 0
configure:7517: result: yes
configure:7517: checking for vsnprintf
configure:7517: gcc -o conftest -g -O2   conftest.c  >&5
conftest.c:75:6: warning: conflicting types for built-in function 'vsnprintf' [enabled by default]
configure:7517: $? = 0
configure:7517: result: yes
configure:7531: checking for iswalnum
configure:7531: gcc -o conftest -g -O2   conftest.c  >&5
conftest.c:76:6: warning: conflicting types for built-in function 'iswalnum' [enabled by default]
configure:7531: $? = 0
configure:7531: result: yes
configure:7531: checking for iswblank
configure:7531: gcc -o conftest -g -O2   conftest.c  >&5
conftest.c:77:6: warning: conflicting types for built-in function 'iswblank' [enabled by default]
configure:7531: $? = 0
configure:7531: result: yes
configure:7531: checking for iswpunct
configure:7531: gcc -o conftest -g -O2   conftest.c  >&5
conftest.c:78:6: warning: conflicting types for built-in function 'iswpunct' [enabled by default]
configure:7531: $? = 0
configure:7531: result: yes
configure:7531: checking for iswspace
configure:7531: gcc -o conftest -g -O2   conftest.c  >&5
conftest.c:79:6: warning: conflicting types for built-in function 'iswspace' [enabled by default]
configure:7531: $? = 0
configure:7531: result: yes
configure:7531: checking for nl_langinfo
configure:7531: gcc -o conftest -g -O2   conftest.c  >&5
configure:7531: $? = 0
configure:7531: result: yes
configure:7531: checking for mblen
configure:7531: gcc -o conftest -g -O2   conftest.c  >&5
configure:7531: $? = 0
configure:7531: result: yes
configure:7531: checking for mbstowcs
configure:7531: gcc -o conftest -g -O2   conftest.c  >&5
configure:7531: $? = 0
configure:7531: result: yes
configure:7531: checking for mbtowc
configure:7531: gcc -o conftest -g -O2   conftest.c  >&5
configure:7531: $? = 0
configure:7531: result: yes
configure:7531: checking for wctomb
configure:7531: gcc -o conftest -g -O2   conftest.c  >&5
configure:7531: $? = 0
configure:7531: result: yes
configure:7531: checking for wcwidth
configure:7531: gcc -o conftest -g -O2   conftest.c  >&5
configure:7531: $? = 0
configure:7531: result: yes
configure:7827: checking return type of signal handlers
configure:7845: gcc -c -g -O2  conftest.c >&5
conftest.c: In function 'main':
conftest.c:69:1: error: void value not ignored as it ought to be
configure:7845: $? = 1
configure: failed program was:
| /* confdefs.h */
| #define PACKAGE_NAME "GNU nano"
| #define PACKAGE_TARNAME "nano"
| #define PACKAGE_VERSION "2.2.6"
| #define PACKAGE_STRING "GNU nano 2.2.6"
| #define PACKAGE_BUGREPORT "nano-devel@gnu.org"
| #define PACKAGE_URL "http://www.gnu.org/software/nano/"
| #define PACKAGE "nano"
| #define VERSION "2.2.6"
| #define STDC_HEADERS 1
| #define HAVE_SYS_TYPES_H 1
| #define HAVE_SYS_STAT_H 1
| #define HAVE_STDLIB_H 1
| #define HAVE_STRING_H 1
| #define HAVE_MEMORY_H 1
| #define HAVE_STRINGS_H 1
| #define HAVE_INTTYPES_H 1
| #define HAVE_STDINT_H 1
| #define HAVE_UNISTD_H 1
| #define __EXTENSIONS__ 1
| #define _ALL_SOURCE 1
| #define _GNU_SOURCE 1
| #define _POSIX_PTHREAD_SEMANTICS 1
| #define _TANDEM_SOURCE 1
| #define ENABLE_NLS 1
| #define HAVE_GETTEXT 1
| #define HAVE_DCGETTEXT 1
| #define PKGDATADIR "/usr/local/share/nano"
| #define STDC_HEADERS 1
| #define HAVE_GETOPT_H 1
| #define HAVE_LIBINTL_H 1
| #define HAVE_LIMITS_H 1
| #define HAVE_REGEX_H 1
| #define HAVE_SYS_PARAM_H 1
| #define HAVE_WCHAR_H 1
| #define HAVE_WCTYPE_H 1
| #define HAVE_STDARG_H 1
| #define NDEBUG 1
| #define NANO_EXTRA 1
| #define ENABLE_NANORC 1
| #define ENABLE_COLOR 1
| #define ENABLE_MULTIBUFFER 1
| #define ENABLE_NANORC 1
| #define HAVE_GETDELIM 1
| #define HAVE_GETLINE 1
| #define HAVE_ISBLANK 1
| #define HAVE_STRCASECMP 1
| #define HAVE_STRCASESTR 1
| #define HAVE_STRNCASECMP 1
| #define HAVE_STRNLEN 1
| #define HAVE_VSNPRINTF 1
| #define HAVE_ISWALNUM 1
| #define HAVE_ISWBLANK 1
| #define HAVE_ISWPUNCT 1
| #define HAVE_ISWSPACE 1
| #define HAVE_NL_LANGINFO 1
| #define HAVE_MBLEN 1
| #define HAVE_MBSTOWCS 1
| #define HAVE_MBTOWC 1
| #define HAVE_WCTOMB 1
| #define HAVE_WCWIDTH 1
| /* end confdefs.h.  */
| #include <sys/types.h>
| #include <signal.h>
| 
| int
| main ()
| {
| return *(signal (0, 0)) (0) == 1;
|   ;
|   return 0;
| }
configure:7852: result: void
configure:7862: checking for vprintf
configure:7862: gcc -o conftest -g -O2   conftest.c  >&5
conftest.c:87:6: warning: conflicting types for built-in function 'vprintf' [enabled by default]
configure:7862: $? = 0
configure:7862: result: yes
configure:7868: checking for _doprnt
configure:7868: gcc -o conftest -g -O2   conftest.c  >&5
/tmp/ccNZkqao.o: In function `main':
/home/netlab/j6-harvey/lin/nano-2.2.6/conftest.c:99: undefined reference to `_doprnt'
collect2: error: ld returned 1 exit status
configure:7868: $? = 1
configure: failed program was:
| /* confdefs.h */
| #define PACKAGE_NAME "GNU nano"
| #define PACKAGE_TARNAME "nano"
| #define PACKAGE_VERSION "2.2.6"
| #define PACKAGE_STRING "GNU nano 2.2.6"
| #define PACKAGE_BUGREPORT "nano-devel@gnu.org"
| #define PACKAGE_URL "http://www.gnu.org/software/nano/"
| #define PACKAGE "nano"
| #define VERSION "2.2.6"
| #define STDC_HEADERS 1
| #define HAVE_SYS_TYPES_H 1
| #define HAVE_SYS_STAT_H 1
| #define HAVE_STDLIB_H 1
| #define HAVE_STRING_H 1
| #define HAVE_MEMORY_H 1
| #define HAVE_STRINGS_H 1
| #define HAVE_INTTYPES_H 1
| #define HAVE_STDINT_H 1
| #define HAVE_UNISTD_H 1
| #define __EXTENSIONS__ 1
| #define _ALL_SOURCE 1
| #define _GNU_SOURCE 1
| #define _POSIX_PTHREAD_SEMANTICS 1
| #define _TANDEM_SOURCE 1
| #define ENABLE_NLS 1
| #define HAVE_GETTEXT 1
| #define HAVE_DCGETTEXT 1
| #define PKGDATADIR "/usr/local/share/nano"
| #define STDC_HEADERS 1
| #define HAVE_GETOPT_H 1
| #define HAVE_LIBINTL_H 1
| #define HAVE_LIMITS_H 1
| #define HAVE_REGEX_H 1
| #define HAVE_SYS_PARAM_H 1
| #define HAVE_WCHAR_H 1
| #define HAVE_WCTYPE_H 1
| #define HAVE_STDARG_H 1
| #define NDEBUG 1
| #define NANO_EXTRA 1
| #define ENABLE_NANORC 1
| #define ENABLE_COLOR 1
| #define ENABLE_MULTIBUFFER 1
| #define ENABLE_NANORC 1
| #define HAVE_GETDELIM 1
| #define HAVE_GETLINE 1
| #define HAVE_ISBLANK 1
| #define HAVE_STRCASECMP 1
| #define HAVE_STRCASESTR 1
| #define HAVE_STRNCASECMP 1
| #define HAVE_STRNLEN 1
| #define HAVE_VSNPRINTF 1
| #define HAVE_ISWALNUM 1
| #define HAVE_ISWBLANK 1
| #define HAVE_ISWPUNCT 1
| #define HAVE_ISWSPACE 1
| #define HAVE_NL_LANGINFO 1
| #define HAVE_MBLEN 1
| #define HAVE_MBSTOWCS 1
| #define HAVE_MBTOWC 1
| #define HAVE_WCTOMB 1
| #define HAVE_WCWIDTH 1
| #define RETSIGTYPE void
| #define HAVE_VPRINTF 1
| /* end confdefs.h.  */
| /* Define _doprnt to an innocuous variant, in case <limits.h> declares _doprnt.
|    For example, HP-UX 11i <limits.h> declares gettimeofday.  */
| #define _doprnt innocuous__doprnt
| 
| /* System header to define __stub macros and hopefully few prototypes,
|     which can conflict with char _doprnt (); below.
|     Prefer <limits.h> to <assert.h> if __STDC__ is defined, since
|     <limits.h> exists even on freestanding compilers.  */
| 
| #ifdef __STDC__
| # include <limits.h>
| #else
| # include <assert.h>
| #endif
| 
| #undef _doprnt
| 
| /* Override any GCC internal prototype to avoid an error.
|    Use char because int might match the return type of a GCC
|    builtin and then its argument prototype would still apply.  */
| #ifdef __cplusplus
| extern "C"
| #endif
| char _doprnt ();
| /* The GNU C library defines this for functions which it implements
|     to always fail with ENOSYS.  Some functions are actually named
|     something starting with __ and the normal name is an alias.  */
| #if defined __stub__doprnt || defined __stub____doprnt
| choke me
| #endif
| 
| int
| main ()
| {
| return _doprnt ();
|   ;
|   return 0;
| }
configure:7868: result: no
configure:7881: checking for getopt_long
configure:7881: gcc -o conftest -g -O2   conftest.c  >&5
configure:7881: $? = 0
configure:7881: result: yes
configure:7894: checking ncurses.h usability
configure:7894: gcc -c -g -O2  conftest.c >&5
configure:7894: $? = 0
configure:7894: result: yes
configure:7894: checking ncurses.h presence
configure:7894: gcc -E  conftest.c
configure:7894: $? = 0
configure:7894: result: yes
configure:7894: checking for ncurses.h
configure:7894: result: yes
configure:7906: checking for get_wch in -lncursesw
configure:7931: gcc -o conftest -g -O2   conftest.c -lncursesw   >&5
configure:7931: $? = 0
configure:7940: result: yes
configure:8103: result: Using ncursesw as the curses library
configure:8108: checking for use_default_colors in -lncursesw
configure:8133: gcc -o conftest -g -O2 -I/usr/include/ncursesw   conftest.c -lncursesw   >&5
configure:8133: $? = 0
configure:8143: result: yes
configure:8204: checking for GNU-style word boundary regex support
configure:8231: gcc -o conftest -g -O2 -I/usr/include/ncursesw   conftest.c  -lncursesw >&5
configure:8231: $? = 0
configure:8231: ./conftest
configure:8231: $? = 0
configure:8232: result: yes
configure:8246: checking whether _XOPEN_SOURCE_EXTENDED is needed
configure:8262: gcc -o conftest -g -O2 -I/usr/include/ncursesw   conftest.c  -lncursesw >&5
configure:8262: $? = 0
configure:8262: ./conftest
configure:8262: $? = 0
configure:8263: result: no
configure:8311: checking whether LINES and COLS can be redefined
configure:8328: gcc -o conftest -g -O2 -I/usr/include/ncursesw   conftest.c  -lncursesw >&5
configure:8328: $? = 0
configure:8328: ./conftest
configure:8328: $? = 0
configure:8332: result: yes
configure:8345: checking for HTML support in groff
configure:8520: creating ./config.status

## ---------------- ##
## Cache variables. ##
## ---------------- ##

ac_cv_build=x86_64-unknown-linux-gnu
ac_cv_c_compiler_gnu=yes
ac_cv_env_CC_set=
ac_cv_env_CC_value=
ac_cv_env_CFLAGS_set=
ac_cv_env_CFLAGS_value=
ac_cv_env_CPPFLAGS_set=
ac_cv_env_CPPFLAGS_value=
ac_cv_env_CPP_set=
ac_cv_env_CPP_value=
ac_cv_env_LDFLAGS_set=
ac_cv_env_LDFLAGS_value=
ac_cv_env_LIBS_set=
ac_cv_env_LIBS_value=
ac_cv_env_build_alias_set=
ac_cv_env_build_alias_value=
ac_cv_env_host_alias_set=
ac_cv_env_host_alias_value=
ac_cv_env_target_alias_set=
ac_cv_env_target_alias_value=
ac_cv_func__doprnt=no
ac_cv_func_getdelim=yes
ac_cv_func_getline=yes
ac_cv_func_getopt_long=yes
ac_cv_func_isblank=yes
ac_cv_func_iswalnum=yes
ac_cv_func_iswblank=yes
ac_cv_func_iswpunct=yes
ac_cv_func_iswspace=yes
ac_cv_func_mblen=yes
ac_cv_func_mbstowcs=yes
ac_cv_func_mbtowc=yes
ac_cv_func_nl_langinfo=yes
ac_cv_func_strcasecmp=yes
ac_cv_func_strcasestr=yes
ac_cv_func_strncasecmp=yes
ac_cv_func_strnlen=yes
ac_cv_func_vprintf=yes
ac_cv_func_vsnprintf=yes
ac_cv_func_wctomb=yes
ac_cv_func_wcwidth=yes
ac_cv_header_getopt_h=yes
ac_cv_header_inttypes_h=yes
ac_cv_header_libintl_h=yes
ac_cv_header_limits_h=yes
ac_cv_header_memory_h=yes
ac_cv_header_minix_config_h=no
ac_cv_header_ncurses_h=yes
ac_cv_header_regex_h=yes
ac_cv_header_stdarg_h=yes
ac_cv_header_stdc=yes
ac_cv_header_stdint_h=yes
ac_cv_header_stdlib_h=yes
ac_cv_header_string_h=yes
ac_cv_header_strings_h=yes
ac_cv_header_sys_param_h=yes
ac_cv_header_sys_stat_h=yes
ac_cv_header_sys_types_h=yes
ac_cv_header_unistd_h=yes
ac_cv_header_wchar_h=yes
ac_cv_header_wctype_h=yes
ac_cv_host=x86_64-unknown-linux-gnu
ac_cv_lib_cposix_strerror=no
ac_cv_lib_ncursesw___use_default_colors=yes
ac_cv_lib_ncursesw_get_wch=yes
ac_cv_objext=o
ac_cv_path_EGREP='/usr/bin/grep -E'
ac_cv_path_GMSGFMT=/usr/bin/msgfmt
ac_cv_path_GREP=/usr/bin/grep
ac_cv_path_MSGFMT=/usr/bin/msgfmt
ac_cv_path_MSGMERGE=/usr/bin/msgmerge
ac_cv_path_XGETTEXT=/usr/bin/xgettext
ac_cv_path_install='/usr/bin/install -c'
ac_cv_path_mkdir=/usr/bin/mkdir
ac_cv_prog_AWK=gawk
ac_cv_prog_CPP='gcc -E'
ac_cv_prog_ac_ct_CC=gcc
ac_cv_prog_cc_c89=
ac_cv_prog_cc_g=yes
ac_cv_prog_make_make_set=yes
ac_cv_safe_to_define___extensions__=yes
ac_cv_sys_file_offset_bits=no
ac_cv_sys_largefile_CC=no
ac_cv_target=x86_64-unknown-linux-gnu
ac_cv_type_signal=void
acl_cv_hardcode_direct=no
acl_cv_hardcode_libdir_flag_spec='${wl}-rpath ${wl}$libdir'
acl_cv_hardcode_libdir_separator=
acl_cv_hardcode_minus_L=no
acl_cv_libext=a
acl_cv_path_LD=/usr/bin/ld
acl_cv_prog_gnu_ld=yes
acl_cv_rpath=done
acl_cv_shlibext=so
acl_cv_sys_lib_dlsearch_path_spec='/lib /usr/lib'
acl_cv_sys_lib_search_path_spec='/lib /usr/lib /usr/local/lib'
acl_cv_wl=-Wl,
am_cv_CC_dependencies_compiler_type=gcc3
gt_cv_func_gnugettext2_libc=yes

## ----------------- ##
## Output variables. ##
## ----------------- ##

ACLOCAL='${SHELL} /home/netlab/j6-harvey/lin/nano-2.2.6/missing --run aclocal-1.11'
AMDEPBACKSLASH='\'
AMDEP_FALSE='#'
AMDEP_TRUE=''
AMTAR='${SHELL} /home/netlab/j6-harvey/lin/nano-2.2.6/missing --run tar'
AUTOCONF='${SHELL} /home/netlab/j6-harvey/lin/nano-2.2.6/missing --run autoconf'
AUTOHEADER='${SHELL} /home/netlab/j6-harvey/lin/nano-2.2.6/missing --run autoheader'
AUTOMAKE='${SHELL} /home/netlab/j6-harvey/lin/nano-2.2.6/missing --run automake-1.11'
AWK='gawk'
CC='gcc'
CCDEPMODE='depmode=gcc3'
CFLAGS='-g -O2'
CPP='gcc -E'
CPPFLAGS='-I/usr/include/ncursesw '
CURSES_LIB='-lncursesw'
CYGPATH_W='echo'
DEFS='-DHAVE_CONFIG_H'
DEPDIR='.deps'
ECHO_C=''
ECHO_N='-n'
ECHO_T=''
EGREP='/usr/bin/grep -E'
EXEEXT=''
GLIB_CFLAGS=''
GLIB_GENMARSHAL=''
GLIB_LIBS=''
GLIB_MKENUMS=''
GMSGFMT='/usr/bin/msgfmt'
GOBJECT_QUERY=''
GREP='/usr/bin/grep'
GROFF_HTML_FALSE='#'
GROFF_HTML_TRUE=''
INSTALL_DATA='${INSTALL} -m 644'
INSTALL_PROGRAM='${INSTALL}'
INSTALL_SCRIPT='${INSTALL}'
INSTALL_STRIP_PROGRAM='$(install_sh) -c -s'
INTLLIBS=''
LDFLAGS=''
LIBICONV='-liconv'
LIBINTL=''
LIBOBJS=''
LIBS=' -lncursesw'
LN_S='ln -s'
LTLIBICONV='-liconv'
LTLIBINTL=''
LTLIBOBJS=''
MAKEINFO='${SHELL} /home/netlab/j6-harvey/lin/nano-2.2.6/missing --run makeinfo'
MKDIR_P='/usr/bin/mkdir -p'
MKINSTALLDIRS='./mkinstalldirs'
MSGFMT='/usr/bin/msgfmt'
MSGMERGE='/usr/bin/msgmerge'
OBJEXT='o'
PACKAGE='nano'
PACKAGE_BUGREPORT='nano-devel@gnu.org'
PACKAGE_NAME='GNU nano'
PACKAGE_STRING='GNU nano 2.2.6'
PACKAGE_TARNAME='nano'
PACKAGE_URL='http://www.gnu.org/software/nano/'
PACKAGE_VERSION='2.2.6'
PATH_SEPARATOR=':'
PKGDATADIR='/usr/local/share/nano'
PKG_CONFIG=''
POSUB='po'
SET_MAKE=''
SHELL='/bin/sh'
STRIP=''
USE_COLOR_FALSE='#'
USE_COLOR_TRUE=''
USE_NANORC_FALSE='#'
USE_NANORC_TRUE=''
USE_NLS='yes'
USE_NLS_FALSE='#'
USE_NLS_TRUE=''
VERSION='2.2.6'
XGETTEXT='/usr/bin/xgettext'
ac_ct_CC='gcc'
am__EXEEXT_FALSE=''
am__EXEEXT_TRUE='#'
am__fastdepCC_FALSE='#'
am__fastdepCC_TRUE=''
am__include='include'
am__isrc=''
am__leading_dot='.'
am__quote=''
am__tar='${AMTAR} chof - "$$tardir"'
am__untar='${AMTAR} xf -'
bindir='${exec_prefix}/bin'
build='x86_64-unknown-linux-gnu'
build_alias=''
build_cpu='x86_64'
build_os='linux-gnu'
build_vendor='unknown'
datadir='${datarootdir}'
datarootdir='${prefix}/share'
docdir='${datarootdir}/doc/${PACKAGE_TARNAME}'
dvidir='${docdir}'
exec_prefix='${prefix}'
host='x86_64-unknown-linux-gnu'
host_alias=''
host_cpu='x86_64'
host_os='linux-gnu'
host_vendor='unknown'
htmldir='${docdir}'
includedir='${prefix}/include'
infodir='${datarootdir}/info'
install_sh='${SHELL} /home/netlab/j6-harvey/lin/nano-2.2.6/install-sh'
libdir='${exec_prefix}/lib'
libexecdir='${exec_prefix}/libexec'
localedir='${datarootdir}/locale'
localstatedir='${prefix}/var'
mandir='${datarootdir}/man'
mkdir_p='/usr/bin/mkdir -p'
oldincludedir='/usr/include'
pdfdir='${docdir}'
prefix='/usr/local'
program_transform_name='s,x,x,'
psdir='${docdir}'
sbindir='${exec_prefix}/sbin'
sharedstatedir='${prefix}/com'
sysconfdir='${prefix}/etc'
target='x86_64-unknown-linux-gnu'
target_alias=''
target_cpu='x86_64'
target_os='linux-gnu'
target_vendor='unknown'

## ----------- ##
## confdefs.h. ##
## ----------- ##

/* confdefs.h */
#define PACKAGE_NAME "GNU nano"
#define PACKAGE_TARNAME "nano"
#define PACKAGE_VERSION "2.2.6"
#define PACKAGE_STRING "GNU nano 2.2.6"
#define PACKAGE_BUGREPORT "nano-devel@gnu.org"
#define PACKAGE_URL "http://www.gnu.org/software/nano/"
#define PACKAGE "nano"
#define VERSION "2.2.6"
#define STDC_HEADERS 1
#define HAVE_SYS_TYPES_H 1
#define HAVE_SYS_STAT_H 1
#define HAVE_STDLIB_H 1
#define HAVE_STRING_H 1
#define HAVE_MEMORY_H 1
#define HAVE_STRINGS_H 1
#define HAVE_INTTYPES_H 1
#define HAVE_STDINT_H 1
#define HAVE_UNISTD_H 1
#define __EXTENSIONS__ 1
#define _ALL_SOURCE 1
#define _GNU_SOURCE 1
#define _POSIX_PTHREAD_SEMANTICS 1
#define _TANDEM_SOURCE 1
#define ENABLE_NLS 1
#define HAVE_GETTEXT 1
#define HAVE_DCGETTEXT 1
#define PKGDATADIR "/usr/local/share/nano"
#define STDC_HEADERS 1
#define HAVE_GETOPT_H 1
#define HAVE_LIBINTL_H 1
#define HAVE_LIMITS_H 1
#define HAVE_REGEX_H 1
#define HAVE_SYS_PARAM_H 1
#define HAVE_WCHAR_H 1
#define HAVE_WCTYPE_H 1
#define HAVE_STDARG_H 1
#define NDEBUG 1
#define NANO_EXTRA 1
#define ENABLE_NANORC 1
#define ENABLE_COLOR 1
#define ENABLE_MULTIBUFFER 1
#define ENABLE_NANORC 1
#define HAVE_GETDELIM 1
#define HAVE_GETLINE 1
#define HAVE_ISBLANK 1
#define HAVE_STRCASECMP 1
#define HAVE_STRCASESTR 1
#define HAVE_STRNCASECMP 1
#define HAVE_STRNLEN 1
#define HAVE_VSNPRINTF 1
#define HAVE_ISWALNUM 1
#define HAVE_ISWBLANK 1
#define HAVE_ISWPUNCT 1
#define HAVE_ISWSPACE 1
#define HAVE_NL_LANGINFO 1
#define HAVE_MBLEN 1
#define HAVE_MBSTOWCS 1
#define HAVE_MBTOWC 1
#define HAVE_WCTOMB 1
#define HAVE_WCWIDTH 1
#define RETSIGTYPE void
#define HAVE_VPRINTF 1
#define HAVE_GETOPT_LONG 1
#define HAVE_NCURSES_H 1
#define HAVE_USE_DEFAULT_COLORS 1
#define ENABLE_UTF8 1
#define GNU_WORDBOUNDS 1
#define REDEFINIG_MACROS_OK 1

configure: exit 0

## ---------------------- ##
## Running config.status. ##
## ---------------------- ##

This file was extended by GNU nano config.status 2.2.6, which was
generated by GNU Autoconf 2.69.  Invocation command line was

  CONFIG_FILES    = 
  CONFIG_HEADERS  = 
  CONFIG_LINKS    = 
  CONFIG_COMMANDS = 
  $ ./config.status 

on CZC32353JV

config.status:958: creating Makefile
config.status:958: creating doc/Makefile
config.status:958: creating doc/nanorc.sample
config.status:958: creating doc/man/Makefile
config.status:958: creating doc/man/fr/Makefile
config.status:958: creating doc/syntax/Makefile
config.status:958: creating doc/texinfo/Makefile
config.status:958: creating m4/Makefile
config.status:958: creating po/Makefile.in
config.status:1066: WARNING:  'po/Makefile.in.in' seems to ignore the --datarootdir setting
config.status:958: creating src/Makefile
config.status:958: creating nano.spec
config.status:958: creating config.h
config.status:1139: config.h is unchanged
config.status:1187: executing depfiles commands
config.status:1187: executing default-1 commands
